running egg_info
creating ../../build/segment/segment.egg-info
writing ../../build/segment/segment.egg-info/PKG-INFO
writing dependency_links to ../../build/segment/segment.egg-info/dependency_links.txt
writing entry points to ../../build/segment/segment.egg-info/entry_points.txt
writing requirements to ../../build/segment/segment.egg-info/requires.txt
writing top-level names to ../../build/segment/segment.egg-info/top_level.txt
writing manifest file '../../build/segment/segment.egg-info/SOURCES.txt'
reading manifest file '../../build/segment/segment.egg-info/SOURCES.txt'
writing manifest file '../../build/segment/segment.egg-info/SOURCES.txt'
running build
running build_py
creating /home/kishore/pallet/build/segment/build
creating /home/kishore/pallet/build/segment/build/lib
creating /home/kishore/pallet/build/segment/build/lib/segment
copying segment/segment.py -> /home/kishore/pallet/build/segment/build/lib/segment
copying segment/__init__.py -> /home/kishore/pallet/build/segment/build/lib/segment
running install
running install_lib
creating /home/kishore/pallet/install/segment/lib/python3.10/site-packages/segment
copying /home/kishore/pallet/build/segment/build/lib/segment/segment.py -> /home/kishore/pallet/install/segment/lib/python3.10/site-packages/segment
copying /home/kishore/pallet/build/segment/build/lib/segment/__init__.py -> /home/kishore/pallet/install/segment/lib/python3.10/site-packages/segment
byte-compiling /home/kishore/pallet/install/segment/lib/python3.10/site-packages/segment/segment.py to segment.cpython-310.pyc
byte-compiling /home/kishore/pallet/install/segment/lib/python3.10/site-packages/segment/__init__.py to __init__.cpython-310.pyc
running install_data
creating /home/kishore/pallet/install/segment/share/ament_index
creating /home/kishore/pallet/install/segment/share/ament_index/resource_index
creating /home/kishore/pallet/install/segment/share/ament_index/resource_index/packages
copying resource/segment -> /home/kishore/pallet/install/segment/share/ament_index/resource_index/packages
copying package.xml -> /home/kishore/pallet/install/segment/share/segment
running install_egg_info
Copying ../../build/segment/segment.egg-info to /home/kishore/pallet/install/segment/lib/python3.10/site-packages/segment-0.0.0-py3.10.egg-info
running install_scripts
Installing segment script to /home/kishore/pallet/install/segment/lib/segment
writing list of installed files to '/home/kishore/pallet/build/segment/install.log'
