[0.765s] Invoking command in '/home/kishore/pallet/src/segment': PYTHONPATH=/home/kishore/pallet/build/segment/prefix_override:/home/kishore/.local/lib/python3.10/site-packages/colcon_core/task/python/colcon_distutils_commands:/home/kishore/pallet/install/segment/lib/python3.10/site-packages:${PYTHONPATH} ROS_DOMAIN_ID=74 /usr/bin/python3 -W ignore:setup.py install is deprecated setup.py egg_info --egg-base ../../build/segment build --build-base /home/kishore/pallet/build/segment/build install --record /home/kishore/pallet/build/segment/install.log --single-version-externally-managed install_data
[0.928s] running egg_info
[0.929s] creating ../../build/segment/segment.egg-info
[0.929s] writing ../../build/segment/segment.egg-info/PKG-INFO
[0.930s] writing dependency_links to ../../build/segment/segment.egg-info/dependency_links.txt
[0.930s] writing entry points to ../../build/segment/segment.egg-info/entry_points.txt
[0.930s] writing requirements to ../../build/segment/segment.egg-info/requires.txt
[0.930s] writing top-level names to ../../build/segment/segment.egg-info/top_level.txt
[0.931s] writing manifest file '../../build/segment/segment.egg-info/SOURCES.txt'
[0.932s] reading manifest file '../../build/segment/segment.egg-info/SOURCES.txt'
[0.932s] writing manifest file '../../build/segment/segment.egg-info/SOURCES.txt'
[0.932s] running build
[0.932s] running build_py
[0.932s] creating /home/kishore/pallet/build/segment/build
[0.932s] creating /home/kishore/pallet/build/segment/build/lib
[0.933s] creating /home/kishore/pallet/build/segment/build/lib/segment
[0.933s] copying segment/segment.py -> /home/kishore/pallet/build/segment/build/lib/segment
[0.933s] copying segment/__init__.py -> /home/kishore/pallet/build/segment/build/lib/segment
[0.933s] running install
[0.933s] running install_lib
[0.933s] creating /home/kishore/pallet/install/segment/lib/python3.10/site-packages/segment
[0.933s] copying /home/kishore/pallet/build/segment/build/lib/segment/segment.py -> /home/kishore/pallet/install/segment/lib/python3.10/site-packages/segment
[0.933s] copying /home/kishore/pallet/build/segment/build/lib/segment/__init__.py -> /home/kishore/pallet/install/segment/lib/python3.10/site-packages/segment
[0.933s] byte-compiling /home/kishore/pallet/install/segment/lib/python3.10/site-packages/segment/segment.py to segment.cpython-310.pyc
[0.934s] byte-compiling /home/kishore/pallet/install/segment/lib/python3.10/site-packages/segment/__init__.py to __init__.cpython-310.pyc
[0.934s] running install_data
[0.934s] creating /home/kishore/pallet/install/segment/share/ament_index
[0.934s] creating /home/kishore/pallet/install/segment/share/ament_index/resource_index
[0.934s] creating /home/kishore/pallet/install/segment/share/ament_index/resource_index/packages
[0.934s] copying resource/segment -> /home/kishore/pallet/install/segment/share/ament_index/resource_index/packages
[0.934s] copying package.xml -> /home/kishore/pallet/install/segment/share/segment
[0.934s] running install_egg_info
[0.935s] Copying ../../build/segment/segment.egg-info to /home/kishore/pallet/install/segment/lib/python3.10/site-packages/segment-0.0.0-py3.10.egg-info
[0.936s] running install_scripts
[0.950s] Installing segment script to /home/kishore/pallet/install/segment/lib/segment
[0.950s] writing list of installed files to '/home/kishore/pallet/build/segment/install.log'
[0.965s] Invoked command in '/home/kishore/pallet/src/segment' returned '0': PYTHONPATH=/home/kishore/pallet/build/segment/prefix_override:/home/kishore/.local/lib/python3.10/site-packages/colcon_core/task/python/colcon_distutils_commands:/home/kishore/pallet/install/segment/lib/python3.10/site-packages:${PYTHONPATH} ROS_DOMAIN_ID=74 /usr/bin/python3 -W ignore:setup.py install is deprecated setup.py egg_info --egg-base ../../build/segment build --build-base /home/kishore/pallet/build/segment/build install --record /home/kishore/pallet/build/segment/install.log --single-version-externally-managed install_data
