[0.451s] Invoking command in '/home/kishore/pallet/src/webcam': PYTHONPATH=/home/kishore/pallet/build/webcam/prefix_override:/home/kishore/.local/lib/python3.10/site-packages/colcon_core/task/python/colcon_distutils_commands:/home/kishore/pallet/install/webcam/lib/python3.10/site-packages:${PYTHONPATH} /usr/bin/python3 -W ignore:setup.py install is deprecated setup.py egg_info --egg-base ../../build/webcam build --build-base /home/kishore/pallet/build/webcam/build install --record /home/kishore/pallet/build/webcam/install.log --single-version-externally-managed install_data
[0.588s] running egg_info
[0.588s] creating ../../build/webcam/webcam.egg-info
[0.588s] writing ../../build/webcam/webcam.egg-info/PKG-INFO
[0.588s] writing dependency_links to ../../build/webcam/webcam.egg-info/dependency_links.txt
[0.589s] writing entry points to ../../build/webcam/webcam.egg-info/entry_points.txt
[0.589s] writing requirements to ../../build/webcam/webcam.egg-info/requires.txt
[0.589s] writing top-level names to ../../build/webcam/webcam.egg-info/top_level.txt
[0.592s] writing manifest file '../../build/webcam/webcam.egg-info/SOURCES.txt'
[0.593s] reading manifest file '../../build/webcam/webcam.egg-info/SOURCES.txt'
[0.593s] writing manifest file '../../build/webcam/webcam.egg-info/SOURCES.txt'
[0.593s] running build
[0.593s] running build_py
[0.593s] creating /home/kishore/pallet/build/webcam/build
[0.593s] creating /home/kishore/pallet/build/webcam/build/lib
[0.594s] creating /home/kishore/pallet/build/webcam/build/lib/webcam
[0.594s] copying webcam/webcam.py -> /home/kishore/pallet/build/webcam/build/lib/webcam
[0.594s] copying webcam/__init__.py -> /home/kishore/pallet/build/webcam/build/lib/webcam
[0.594s] running install
[0.594s] running install_lib
[0.594s] creating /home/kishore/pallet/install/webcam/lib/python3.10/site-packages/webcam
[0.594s] copying /home/kishore/pallet/build/webcam/build/lib/webcam/webcam.py -> /home/kishore/pallet/install/webcam/lib/python3.10/site-packages/webcam
[0.595s] copying /home/kishore/pallet/build/webcam/build/lib/webcam/__init__.py -> /home/kishore/pallet/install/webcam/lib/python3.10/site-packages/webcam
[0.595s] byte-compiling /home/kishore/pallet/install/webcam/lib/python3.10/site-packages/webcam/webcam.py to webcam.cpython-310.pyc
[0.595s] byte-compiling /home/kishore/pallet/install/webcam/lib/python3.10/site-packages/webcam/__init__.py to __init__.cpython-310.pyc
[0.595s] running install_data
[0.595s] creating /home/kishore/pallet/install/webcam/share/ament_index
[0.595s] creating /home/kishore/pallet/install/webcam/share/ament_index/resource_index
[0.595s] creating /home/kishore/pallet/install/webcam/share/ament_index/resource_index/packages
[0.595s] copying resource/webcam -> /home/kishore/pallet/install/webcam/share/ament_index/resource_index/packages
[0.595s] copying package.xml -> /home/kishore/pallet/install/webcam/share/webcam
[0.595s] running install_egg_info
[0.595s] Copying ../../build/webcam/webcam.egg-info to /home/kishore/pallet/install/webcam/lib/python3.10/site-packages/webcam-0.0.0-py3.10.egg-info
[0.596s] running install_scripts
[0.606s] Installing webcam script to /home/kishore/pallet/install/webcam/lib/webcam
[0.606s] writing list of installed files to '/home/kishore/pallet/build/webcam/install.log'
[0.619s] Invoked command in '/home/kishore/pallet/src/webcam' returned '0': PYTHONPATH=/home/kishore/pallet/build/webcam/prefix_override:/home/kishore/.local/lib/python3.10/site-packages/colcon_core/task/python/colcon_distutils_commands:/home/kishore/pallet/install/webcam/lib/python3.10/site-packages:${PYTHONPATH} /usr/bin/python3 -W ignore:setup.py install is deprecated setup.py egg_info --egg-base ../../build/webcam build --build-base /home/kishore/pallet/build/webcam/build install --record /home/kishore/pallet/build/webcam/install.log --single-version-externally-managed install_data
