running egg_info
writing ../../build/segment/segment.egg-info/PKG-INFO
writing dependency_links to ../../build/segment/segment.egg-info/dependency_links.txt
writing entry points to ../../build/segment/segment.egg-info/entry_points.txt
writing requirements to ../../build/segment/segment.egg-info/requires.txt
writing top-level names to ../../build/segment/segment.egg-info/top_level.txt
reading manifest file '../../build/segment/segment.egg-info/SOURCES.txt'
writing manifest file '../../build/segment/segment.egg-info/SOURCES.txt'
running build
running build_py
copying segment/segment.py -> /home/kishore/pallet/build/segment/build/lib/segment
running install
running install_lib
copying /home/kishore/pallet/build/segment/build/lib/segment/segment.py -> /home/kishore/pallet/install/segment/lib/python3.10/site-packages/segment
byte-compiling /home/kishore/pallet/install/segment/lib/python3.10/site-packages/segment/segment.py to segment.cpython-310.pyc
running install_data
running install_egg_info
removing '/home/kishore/pallet/install/segment/lib/python3.10/site-packages/segment-0.0.0-py3.10.egg-info' (and everything under it)
Copying ../../build/segment/segment.egg-info to /home/kishore/pallet/install/segment/lib/python3.10/site-packages/segment-0.0.0-py3.10.egg-info
running install_scripts
Installing segment script to /home/kishore/pallet/install/segment/lib/segment
writing list of installed files to '/home/kishore/pallet/build/segment/install.log'
