[0.123s] colcon DEBUG Command line arguments: ['/home/kishore/.local/bin/colcon', 'list', '-p', '--base-paths', '/home/kishore/pallet']
[0.123s] colcon DEBUG Parsed command line arguments: Namespace(log_base=None, log_level=None, verb_name='list', build_base='build', ignore_user_meta=False, metas=['./colcon.meta'], base_paths=['/home/kishore/pallet'], packages_ignore=None, packages_ignore_regex=None, paths=None, packages_up_to=None, packages_up_to_regex=None, packages_above=None, packages_above_and_dependencies=None, packages_above_depth=None, packages_select_by_dep=None, packages_skip_by_dep=None, packages_skip_up_to=None, packages_select_build_failed=False, packages_skip_build_finished=False, packages_select_test_failures=False, packages_skip_test_passed=False, packages_select=None, packages_skip=None, packages_select_regex=None, packages_skip_regex=None, packages_start=None, packages_end=None, allow_overriding=[], topological_order=False, names_only=False, paths_only=True, topological_graph=False, topological_graph_dot=False, topological_graph_density=False, topological_graph_legend=False, topological_graph_dot_cluster=False, topological_graph_dot_include_skipped=False, mixin_files=None, mixin=None, verb_parser=<colcon_alias.argument_parser.alias.AliasArgumentDecorator object at 0x77575e29f0d0>, verb_extension=<colcon_package_information.verb.list.ListVerb object at 0x77575e29ceb0>, main=<bound method ListVerb.main of <colcon_package_information.verb.list.ListVerb object at 0x77575e29ceb0>>, mixin_verb=('list',))
[0.313s] colcon.colcon_core.package_discovery Level 1 discover_packages(colcon_meta) check parameters
[0.313s] colcon.colcon_core.package_discovery Level 1 discover_packages(recursive) check parameters
[0.313s] colcon.colcon_core.package_discovery Level 1 discover_packages(ignore) check parameters
[0.313s] colcon.colcon_core.package_discovery Level 1 discover_packages(path) check parameters
[0.313s] colcon.colcon_core.package_discovery Level 1 discover_packages(recursive) discover
[0.314s] colcon.colcon_core.package_discovery INFO Crawling recursively for packages in '/home/kishore/pallet'
[0.314s] colcon.colcon_core.package_identification Level 1 _identify(/home/kishore/pallet) by extensions ['ignore', 'ignore_ament_install']
[0.314s] colcon.colcon_core.package_identification Level 1 _identify(/home/kishore/pallet) by extension 'ignore'
[0.314s] colcon.colcon_core.package_identification Level 1 _identify(/home/kishore/pallet) by extension 'ignore_ament_install'
[0.314s] colcon.colcon_core.package_identification Level 1 _identify(/home/kishore/pallet) by extensions ['colcon_pkg']
[0.314s] colcon.colcon_core.package_identification Level 1 _identify(/home/kishore/pallet) by extension 'colcon_pkg'
[0.314s] colcon.colcon_core.package_identification Level 1 _identify(/home/kishore/pallet) by extensions ['colcon_meta']
[0.314s] colcon.colcon_core.package_identification Level 1 _identify(/home/kishore/pallet) by extension 'colcon_meta'
[0.314s] colcon.colcon_core.package_identification Level 1 _identify(/home/kishore/pallet) by extensions ['ros']
[0.314s] colcon.colcon_core.package_identification Level 1 _identify(/home/kishore/pallet) by extension 'ros'
[0.317s] colcon.colcon_core.package_identification Level 1 _identify(/home/kishore/pallet) by extensions ['bazel', 'cmake', 'meson', 'python']
[0.317s] colcon.colcon_core.package_identification Level 1 _identify(/home/kishore/pallet) by extension 'bazel'
[0.317s] colcon.colcon_core.package_identification Level 1 _identify(/home/kishore/pallet) by extension 'cmake'
[0.317s] colcon.colcon_core.package_identification Level 1 _identify(/home/kishore/pallet) by extension 'meson'
[0.317s] colcon.colcon_core.package_identification Level 1 _identify(/home/kishore/pallet) by extension 'python'
[0.317s] colcon.colcon_core.package_identification Level 1 _identify(/home/kishore/pallet) by extensions ['python_setup_py']
[0.317s] colcon.colcon_core.package_identification Level 1 _identify(/home/kishore/pallet) by extension 'python_setup_py'
[0.317s] colcon.colcon_core.package_identification Level 1 _identify(/home/kishore/pallet/build) by extensions ['ignore', 'ignore_ament_install']
[0.317s] colcon.colcon_core.package_identification Level 1 _identify(/home/kishore/pallet/build) by extension 'ignore'
[0.317s] colcon.colcon_core.package_identification Level 1 _identify(/home/kishore/pallet/build) ignored
[0.317s] colcon.colcon_core.package_identification Level 1 _identify(/home/kishore/pallet/install) by extensions ['ignore', 'ignore_ament_install']
[0.317s] colcon.colcon_core.package_identification Level 1 _identify(/home/kishore/pallet/install) by extension 'ignore'
[0.317s] colcon.colcon_core.package_identification Level 1 _identify(/home/kishore/pallet/install) ignored
[0.317s] colcon.colcon_core.package_identification Level 1 _identify(/home/kishore/pallet/log) by extensions ['ignore', 'ignore_ament_install']
[0.317s] colcon.colcon_core.package_identification Level 1 _identify(/home/kishore/pallet/log) by extension 'ignore'
[0.317s] colcon.colcon_core.package_identification Level 1 _identify(/home/kishore/pallet/log) ignored
[0.318s] colcon.colcon_core.package_identification Level 1 _identify(/home/kishore/pallet/src) by extensions ['ignore', 'ignore_ament_install']
[0.318s] colcon.colcon_core.package_identification Level 1 _identify(/home/kishore/pallet/src) by extension 'ignore'
[0.318s] colcon.colcon_core.package_identification Level 1 _identify(/home/kishore/pallet/src) by extension 'ignore_ament_install'
[0.318s] colcon.colcon_core.package_identification Level 1 _identify(/home/kishore/pallet/src) by extensions ['colcon_pkg']
[0.318s] colcon.colcon_core.package_identification Level 1 _identify(/home/kishore/pallet/src) by extension 'colcon_pkg'
[0.318s] colcon.colcon_core.package_identification Level 1 _identify(/home/kishore/pallet/src) by extensions ['colcon_meta']
[0.318s] colcon.colcon_core.package_identification Level 1 _identify(/home/kishore/pallet/src) by extension 'colcon_meta'
[0.318s] colcon.colcon_core.package_identification Level 1 _identify(/home/kishore/pallet/src) by extensions ['ros']
[0.318s] colcon.colcon_core.package_identification Level 1 _identify(/home/kishore/pallet/src) by extension 'ros'
[0.318s] colcon.colcon_core.package_identification Level 1 _identify(/home/kishore/pallet/src) by extensions ['bazel', 'cmake', 'meson', 'python']
[0.318s] colcon.colcon_core.package_identification Level 1 _identify(/home/kishore/pallet/src) by extension 'bazel'
[0.318s] colcon.colcon_core.package_identification Level 1 _identify(/home/kishore/pallet/src) by extension 'cmake'
[0.318s] colcon.colcon_core.package_identification Level 1 _identify(/home/kishore/pallet/src) by extension 'meson'
[0.318s] colcon.colcon_core.package_identification Level 1 _identify(/home/kishore/pallet/src) by extension 'python'
[0.318s] colcon.colcon_core.package_identification Level 1 _identify(/home/kishore/pallet/src) by extensions ['python_setup_py']
[0.318s] colcon.colcon_core.package_identification Level 1 _identify(/home/kishore/pallet/src) by extension 'python_setup_py'
[0.318s] colcon.colcon_core.package_identification Level 1 _identify(/home/kishore/pallet/src/webcam) by extensions ['ignore', 'ignore_ament_install']
[0.318s] colcon.colcon_core.package_identification Level 1 _identify(/home/kishore/pallet/src/webcam) by extension 'ignore'
[0.318s] colcon.colcon_core.package_identification Level 1 _identify(/home/kishore/pallet/src/webcam) by extension 'ignore_ament_install'
[0.318s] colcon.colcon_core.package_identification Level 1 _identify(/home/kishore/pallet/src/webcam) by extensions ['colcon_pkg']
[0.318s] colcon.colcon_core.package_identification Level 1 _identify(/home/kishore/pallet/src/webcam) by extension 'colcon_pkg'
[0.318s] colcon.colcon_core.package_identification Level 1 _identify(/home/kishore/pallet/src/webcam) by extensions ['colcon_meta']
[0.318s] colcon.colcon_core.package_identification Level 1 _identify(/home/kishore/pallet/src/webcam) by extension 'colcon_meta'
[0.318s] colcon.colcon_core.package_identification Level 1 _identify(/home/kishore/pallet/src/webcam) by extensions ['ros']
[0.318s] colcon.colcon_core.package_identification Level 1 _identify(/home/kishore/pallet/src/webcam) by extension 'ros'
[0.319s] colcon.colcon_core.package_identification DEBUG Package '/home/kishore/pallet/src/webcam' with type 'ros.ament_python' and name 'webcam'
[0.319s] colcon.colcon_core.package_discovery Level 1 discover_packages(recursive) using defaults
