[0.590s] Invoking command in '/home/kishore/pallet/src/yolo': PYTHONPATH=/home/kishore/pallet/build/yolo/prefix_override:/home/kishore/.local/lib/python3.10/site-packages/colcon_core/task/python/colcon_distutils_commands:/home/kishore/pallet/install/yolo/lib/python3.10/site-packages:${PYTHONPATH} /usr/bin/python3 -W ignore:setup.py install is deprecated setup.py egg_info --egg-base ../../build/yolo build --build-base /home/kishore/pallet/build/yolo/build install --record /home/kishore/pallet/build/yolo/install.log --single-version-externally-managed install_data
[0.746s] running egg_info
[0.747s] writing ../../build/yolo/yolo.egg-info/PKG-INFO
[0.748s] writing dependency_links to ../../build/yolo/yolo.egg-info/dependency_links.txt
[0.748s] writing entry points to ../../build/yolo/yolo.egg-info/entry_points.txt
[0.748s] writing requirements to ../../build/yolo/yolo.egg-info/requires.txt
[0.748s] writing top-level names to ../../build/yolo/yolo.egg-info/top_level.txt
[0.750s] reading manifest file '../../build/yolo/yolo.egg-info/SOURCES.txt'
[0.751s] writing manifest file '../../build/yolo/yolo.egg-info/SOURCES.txt'
[0.751s] running build
[0.752s] running build_py
[0.752s] running install
[0.752s] running install_lib
[0.753s] running install_data
[0.753s] running install_egg_info
[0.753s] removing '/home/kishore/pallet/install/yolo/lib/python3.10/site-packages/yolo-0.0.0-py3.10.egg-info' (and everything under it)
[0.753s] Copying ../../build/yolo/yolo.egg-info to /home/kishore/pallet/install/yolo/lib/python3.10/site-packages/yolo-0.0.0-py3.10.egg-info
[0.754s] running install_scripts
[0.765s] Installing yolo script to /home/kishore/pallet/install/yolo/lib/yolo
[0.766s] writing list of installed files to '/home/kishore/pallet/build/yolo/install.log'
[0.785s] Invoked command in '/home/kishore/pallet/src/yolo' returned '0': PYTHONPATH=/home/kishore/pallet/build/yolo/prefix_override:/home/kishore/.local/lib/python3.10/site-packages/colcon_core/task/python/colcon_distutils_commands:/home/kishore/pallet/install/yolo/lib/python3.10/site-packages:${PYTHONPATH} /usr/bin/python3 -W ignore:setup.py install is deprecated setup.py egg_info --egg-base ../../build/yolo build --build-base /home/kishore/pallet/build/yolo/build install --record /home/kishore/pallet/build/yolo/install.log --single-version-externally-managed install_data
