[0.597s] Invoking command in '/home/kishore/pallet/src/webcam': PYTHONPATH=/home/kishore/pallet/build/webcam/prefix_override:/home/kishore/.local/lib/python3.10/site-packages/colcon_core/task/python/colcon_distutils_commands:/home/kishore/pallet/install/webcam/lib/python3.10/site-packages:${PYTHONPATH} ROS_DOMAIN_ID=100 /usr/bin/python3 -W ignore:setup.py install is deprecated setup.py egg_info --egg-base ../../build/webcam build --build-base /home/kishore/pallet/build/webcam/build install --record /home/kishore/pallet/build/webcam/install.log --single-version-externally-managed install_data
[0.746s] running egg_info
[0.747s] writing ../../build/webcam/webcam.egg-info/PKG-INFO
[0.747s] writing dependency_links to ../../build/webcam/webcam.egg-info/dependency_links.txt
[0.747s] writing entry points to ../../build/webcam/webcam.egg-info/entry_points.txt
[0.747s] writing requirements to ../../build/webcam/webcam.egg-info/requires.txt
[0.747s] writing top-level names to ../../build/webcam/webcam.egg-info/top_level.txt
[0.749s] reading manifest file '../../build/webcam/webcam.egg-info/SOURCES.txt'
[0.749s] writing manifest file '../../build/webcam/webcam.egg-info/SOURCES.txt'
[0.749s] running build
[0.750s] running build_py
[0.750s] running install
[0.750s] running install_lib
[0.750s] running install_data
[0.750s] running install_egg_info
[0.752s] removing '/home/kishore/pallet/install/webcam/lib/python3.10/site-packages/webcam-0.0.0-py3.10.egg-info' (and everything under it)
[0.752s] Copying ../../build/webcam/webcam.egg-info to /home/kishore/pallet/install/webcam/lib/python3.10/site-packages/webcam-0.0.0-py3.10.egg-info
[0.752s] running install_scripts
[0.763s] Installing webcam script to /home/kishore/pallet/install/webcam/lib/webcam
[0.763s] writing list of installed files to '/home/kishore/pallet/build/webcam/install.log'
[0.778s] Invoked command in '/home/kishore/pallet/src/webcam' returned '0': PYTHONPATH=/home/kishore/pallet/build/webcam/prefix_override:/home/kishore/.local/lib/python3.10/site-packages/colcon_core/task/python/colcon_distutils_commands:/home/kishore/pallet/install/webcam/lib/python3.10/site-packages:${PYTHONPATH} ROS_DOMAIN_ID=100 /usr/bin/python3 -W ignore:setup.py install is deprecated setup.py egg_info --egg-base ../../build/webcam build --build-base /home/kishore/pallet/build/webcam/build install --record /home/kishore/pallet/build/webcam/install.log --single-version-externally-managed install_data
